2021-02-21 20:41:01,890 INFO Set uid to user 0 succeeded
2021-02-21 20:41:01,942 INFO supervisord started with pid 16
2021-02-21 20:41:02,953 INFO spawned: 'php' with pid 18
2021-02-21 20:41:03,967 INFO success: php entered RUNNING state, process has stayed up for > than 1 seconds (startsecs)
2021-02-21 21:12:44,422 INFO Set uid to user 0 succeeded
2021-02-21 21:12:44,452 INFO supervisord started with pid 17
2021-02-21 21:12:45,462 INFO spawned: 'php' with pid 19
2021-02-21 21:12:46,741 INFO success: php entered RUNNING state, process has stayed up for > than 1 seconds (startsecs)
2021-02-21 22:51:40,847 INFO Set uid to user 0 succeeded
2021-02-21 22:51:40,852 INFO supervisord started with pid 16
2021-02-21 22:51:41,862 INFO spawned: 'php' with pid 18
2021-02-21 22:51:43,122 INFO success: php entered RUNNING state, process has stayed up for > than 1 seconds (startsecs)
2021-02-23 11:09:45,237 INFO Set uid to user 0 succeeded
2021-02-23 11:09:45,243 INFO supervisord started with pid 16
2021-02-23 11:09:46,252 INFO spawned: 'php' with pid 18
2021-02-23 11:09:47,672 INFO success: php entered RUNNING state, process has stayed up for > than 1 seconds (startsecs)
2021-02-23 12:18:45,480 INFO Set uid to user 0 succeeded
2021-02-23 12:18:45,489 INFO supervisord started with pid 17
2021-02-23 12:18:46,498 INFO spawned: 'php' with pid 19
2021-02-23 12:18:47,783 INFO success: php entered RUNNING state, process has stayed up for > than 1 seconds (startsecs)
2021-02-23 12:56:10,325 INFO Set uid to user 0 succeeded
2021-02-23 12:56:10,328 INFO supervisord started with pid 17
2021-02-23 12:56:11,338 INFO spawned: 'php' with pid 19
2021-02-23 12:56:12,621 INFO success: php entered RUNNING state, process has stayed up for > than 1 seconds (startsecs)
2021-02-23 21:09:35,397 INFO Set uid to user 0 succeeded
2021-02-23 21:09:35,402 INFO supervisord started with pid 16
2021-02-23 21:09:36,412 INFO spawned: 'php' with pid 18
2021-02-23 21:09:38,212 INFO success: php entered RUNNING state, process has stayed up for > than 1 seconds (startsecs)
2021-02-23 21:09:38,216 INFO exited: php (exit status 1; not expected)
2021-02-23 21:09:39,227 INFO spawned: 'php' with pid 19
2021-02-23 21:09:40,664 INFO success: php entered RUNNING state, process has stayed up for > than 1 seconds (startsecs)
2021-02-23 21:09:40,669 INFO exited: php (exit status 1; not expected)
2021-02-23 21:09:41,697 INFO spawned: 'php' with pid 20
2021-02-23 21:09:42,990 INFO success: php entered RUNNING state, process has stayed up for > than 1 seconds (startsecs)
2021-02-23 21:09:42,994 INFO exited: php (exit status 1; not expected)
2021-02-23 21:09:44,001 INFO spawned: 'php' with pid 21
2021-02-23 21:09:45,292 INFO success: php entered RUNNING state, process has stayed up for > than 1 seconds (startsecs)
2021-02-23 21:09:45,295 INFO exited: php (exit status 1; not expected)
2021-02-23 21:09:46,305 INFO spawned: 'php' with pid 22
2021-02-23 21:09:47,592 INFO success: php entered RUNNING state, process has stayed up for > than 1 seconds (startsecs)
2021-02-23 21:09:47,595 INFO exited: php (exit status 1; not expected)
2021-02-23 21:09:48,607 INFO spawned: 'php' with pid 23
2021-02-23 21:09:49,894 INFO success: php entered RUNNING state, process has stayed up for > than 1 seconds (startsecs)
2021-02-23 21:09:49,896 INFO exited: php (exit status 1; not expected)
2021-02-23 21:09:50,904 INFO spawned: 'php' with pid 24
2021-02-23 21:09:52,187 INFO success: php entered RUNNING state, process has stayed up for > than 1 seconds (startsecs)
2021-02-23 21:09:52,190 INFO exited: php (exit status 1; not expected)
2021-02-23 21:09:53,216 INFO spawned: 'php' with pid 25
2021-02-23 21:09:54,497 INFO success: php entered RUNNING state, process has stayed up for > than 1 seconds (startsecs)
2021-02-23 21:09:54,501 INFO exited: php (exit status 1; not expected)
2021-02-23 21:09:55,517 INFO spawned: 'php' with pid 26
2021-02-23 21:09:56,800 INFO success: php entered RUNNING state, process has stayed up for > than 1 seconds (startsecs)
2021-02-23 21:09:56,803 INFO exited: php (exit status 1; not expected)
2021-02-23 21:09:57,812 INFO spawned: 'php' with pid 27
2021-02-23 21:09:59,102 INFO success: php entered RUNNING state, process has stayed up for > than 1 seconds (startsecs)
2021-02-23 21:09:59,105 INFO exited: php (exit status 1; not expected)
2021-02-23 21:10:00,118 INFO spawned: 'php' with pid 28
2021-02-23 21:10:01,405 INFO success: php entered RUNNING state, process has stayed up for > than 1 seconds (startsecs)
2021-02-23 21:10:01,410 INFO exited: php (exit status 1; not expected)
2021-02-23 21:10:02,418 INFO spawned: 'php' with pid 29
2021-02-23 21:10:03,704 INFO success: php entered RUNNING state, process has stayed up for > than 1 seconds (startsecs)
2021-02-23 21:10:03,707 INFO exited: php (exit status 1; not expected)
2021-02-23 21:10:04,712 INFO spawned: 'php' with pid 30
2021-02-23 21:10:05,982 INFO success: php entered RUNNING state, process has stayed up for > than 1 seconds (startsecs)
2021-02-23 21:10:05,985 INFO exited: php (exit status 1; not expected)
2021-02-23 21:10:06,992 INFO spawned: 'php' with pid 31
2021-02-23 21:10:08,283 INFO success: php entered RUNNING state, process has stayed up for > than 1 seconds (startsecs)
2021-02-23 21:10:08,287 INFO exited: php (exit status 1; not expected)
2021-02-23 21:10:09,314 INFO spawned: 'php' with pid 32
2021-02-23 21:10:10,601 INFO success: php entered RUNNING state, process has stayed up for > than 1 seconds (startsecs)
2021-02-23 21:10:10,604 INFO exited: php (exit status 1; not expected)
2021-02-23 21:10:11,613 INFO spawned: 'php' with pid 33
2021-02-23 21:10:12,894 INFO success: php entered RUNNING state, process has stayed up for > than 1 seconds (startsecs)
2021-02-23 21:10:12,898 INFO exited: php (exit status 1; not expected)
2021-02-23 21:10:13,912 INFO spawned: 'php' with pid 34
2021-02-23 21:10:15,194 INFO success: php entered RUNNING state, process has stayed up for > than 1 seconds (startsecs)
2021-02-23 21:10:15,197 INFO exited: php (exit status 1; not expected)
2021-02-23 21:10:16,210 INFO spawned: 'php' with pid 35
2021-02-23 21:10:17,496 INFO success: php entered RUNNING state, process has stayed up for > than 1 seconds (startsecs)
2021-02-23 21:10:17,499 INFO exited: php (exit status 1; not expected)
2021-02-23 21:10:18,506 INFO spawned: 'php' with pid 36
2021-02-23 21:10:19,773 INFO success: php entered RUNNING state, process has stayed up for > than 1 seconds (startsecs)
2021-02-23 21:10:19,777 INFO exited: php (exit status 1; not expected)
2021-02-23 21:10:20,787 INFO spawned: 'php' with pid 37
2021-02-23 21:10:22,075 INFO success: php entered RUNNING state, process has stayed up for > than 1 seconds (startsecs)
2021-02-23 21:10:22,078 INFO exited: php (exit status 1; not expected)
2021-02-23 21:10:23,087 INFO spawned: 'php' with pid 38
2021-02-23 21:10:24,375 INFO success: php entered RUNNING state, process has stayed up for > than 1 seconds (startsecs)
2021-02-23 21:10:24,379 INFO exited: php (exit status 1; not expected)
2021-02-23 21:10:25,391 INFO spawned: 'php' with pid 39
2021-02-23 21:10:26,695 INFO success: php entered RUNNING state, process has stayed up for > than 1 seconds (startsecs)
2021-02-23 21:10:26,699 INFO exited: php (exit status 1; not expected)
2021-02-23 21:10:27,710 INFO spawned: 'php' with pid 40
2021-02-23 21:10:29,006 INFO success: php entered RUNNING state, process has stayed up for > than 1 seconds (startsecs)
2021-02-23 21:10:29,007 INFO exited: php (exit status 1; not expected)
2021-02-23 21:10:30,017 INFO spawned: 'php' with pid 41
2021-02-23 21:10:31,300 INFO success: php entered RUNNING state, process has stayed up for > than 1 seconds (startsecs)
2021-02-23 21:10:31,303 INFO exited: php (exit status 1; not expected)
2021-02-23 21:10:32,328 INFO spawned: 'php' with pid 42
2021-02-23 21:10:33,637 INFO success: php entered RUNNING state, process has stayed up for > than 1 seconds (startsecs)
2021-02-23 21:10:33,640 INFO exited: php (exit status 1; not expected)
2021-02-23 21:10:34,653 INFO spawned: 'php' with pid 43
2021-02-23 21:10:35,944 INFO success: php entered RUNNING state, process has stayed up for > than 1 seconds (startsecs)
2021-02-23 21:10:35,948 INFO exited: php (exit status 1; not expected)
2021-02-23 21:10:36,957 INFO spawned: 'php' with pid 44
2021-02-23 21:10:38,285 INFO success: php entered RUNNING state, process has stayed up for > than 1 seconds (startsecs)
2021-02-23 21:10:38,289 INFO exited: php (exit status 1; not expected)
2021-02-23 21:10:39,301 INFO spawned: 'php' with pid 45
2021-02-23 21:10:40,585 INFO success: php entered RUNNING state, process has stayed up for > than 1 seconds (startsecs)
2021-02-23 21:10:40,588 INFO exited: php (exit status 1; not expected)
2021-02-23 21:10:41,594 INFO spawned: 'php' with pid 46
2021-02-23 21:10:42,889 INFO success: php entered RUNNING state, process has stayed up for > than 1 seconds (startsecs)
2021-02-23 21:10:42,894 INFO exited: php (exit status 1; not expected)
2021-02-23 21:10:43,902 INFO spawned: 'php' with pid 47
2021-02-23 21:10:45,190 INFO success: php entered RUNNING state, process has stayed up for > than 1 seconds (startsecs)
2021-02-23 21:10:45,192 INFO exited: php (exit status 1; not expected)
2021-02-23 21:10:46,215 INFO spawned: 'php' with pid 48
2021-02-23 21:10:47,505 INFO success: php entered RUNNING state, process has stayed up for > than 1 seconds (startsecs)
2021-02-23 21:10:47,508 INFO exited: php (exit status 1; not expected)
2021-02-23 21:10:48,520 INFO spawned: 'php' with pid 49
2021-02-23 21:10:49,808 INFO success: php entered RUNNING state, process has stayed up for > than 1 seconds (startsecs)
2021-02-23 21:10:49,812 INFO exited: php (exit status 1; not expected)
2021-02-23 21:10:50,825 INFO spawned: 'php' with pid 50
2021-02-23 21:10:52,115 INFO success: php entered RUNNING state, process has stayed up for > than 1 seconds (startsecs)
2021-02-23 21:10:52,119 INFO exited: php (exit status 1; not expected)
2021-02-23 21:10:53,128 INFO spawned: 'php' with pid 51
2021-02-23 21:10:54,421 INFO success: php entered RUNNING state, process has stayed up for > than 1 seconds (startsecs)
2021-02-23 21:10:54,424 INFO exited: php (exit status 1; not expected)
2021-02-23 21:10:55,434 INFO spawned: 'php' with pid 52
2021-02-23 21:10:56,726 INFO success: php entered RUNNING state, process has stayed up for > than 1 seconds (startsecs)
2021-02-23 21:10:56,729 INFO exited: php (exit status 1; not expected)
2021-02-23 21:10:57,736 INFO spawned: 'php' with pid 53
2021-02-23 21:10:59,022 INFO success: php entered RUNNING state, process has stayed up for > than 1 seconds (startsecs)
2021-02-23 21:10:59,024 INFO exited: php (exit status 1; not expected)
2021-02-23 21:11:00,034 INFO spawned: 'php' with pid 54
2021-02-23 21:11:01,325 INFO success: php entered RUNNING state, process has stayed up for > than 1 seconds (startsecs)
2021-02-23 21:11:01,328 INFO exited: php (exit status 1; not expected)
2021-02-23 21:11:02,335 INFO spawned: 'php' with pid 55
2021-02-23 21:11:03,618 INFO success: php entered RUNNING state, process has stayed up for > than 1 seconds (startsecs)
2021-02-23 21:11:03,623 INFO exited: php (exit status 1; not expected)
2021-02-23 21:11:04,634 INFO spawned: 'php' with pid 56
2021-02-23 21:11:05,924 INFO success: php entered RUNNING state, process has stayed up for > than 1 seconds (startsecs)
2021-02-23 21:11:05,928 INFO exited: php (exit status 1; not expected)
2021-02-23 21:11:06,940 INFO spawned: 'php' with pid 57
2021-02-23 21:11:08,238 INFO success: php entered RUNNING state, process has stayed up for > than 1 seconds (startsecs)
2021-02-23 21:11:08,241 INFO exited: php (exit status 1; not expected)
2021-02-23 21:11:09,247 INFO spawned: 'php' with pid 58
2021-02-23 21:11:10,517 INFO success: php entered RUNNING state, process has stayed up for > than 1 seconds (startsecs)
2021-02-23 21:11:10,520 INFO exited: php (exit status 1; not expected)
2021-02-23 21:11:11,527 INFO spawned: 'php' with pid 59
2021-02-23 21:11:12,800 INFO success: php entered RUNNING state, process has stayed up for > than 1 seconds (startsecs)
2021-02-23 21:11:12,804 INFO exited: php (exit status 1; not expected)
2021-02-23 21:11:13,817 INFO spawned: 'php' with pid 60
2021-02-23 21:11:15,092 INFO success: php entered RUNNING state, process has stayed up for > than 1 seconds (startsecs)
2021-02-23 21:11:15,095 INFO exited: php (exit status 1; not expected)
2021-02-23 21:11:16,125 INFO spawned: 'php' with pid 61
2021-02-23 21:11:17,402 INFO success: php entered RUNNING state, process has stayed up for > than 1 seconds (startsecs)
2021-02-23 21:11:17,405 INFO exited: php (exit status 1; not expected)
2021-02-23 21:11:18,414 INFO spawned: 'php' with pid 62
2021-02-23 21:11:19,705 INFO success: php entered RUNNING state, process has stayed up for > than 1 seconds (startsecs)
2021-02-23 21:11:19,708 INFO exited: php (exit status 1; not expected)
2021-02-23 21:11:20,721 INFO spawned: 'php' with pid 63
2021-02-23 21:11:22,009 INFO success: php entered RUNNING state, process has stayed up for > than 1 seconds (startsecs)
2021-02-23 21:11:22,012 INFO exited: php (exit status 1; not expected)
2021-02-23 21:11:23,019 INFO spawned: 'php' with pid 64
2021-02-23 21:11:24,308 INFO success: php entered RUNNING state, process has stayed up for > than 1 seconds (startsecs)
2021-02-23 21:11:24,311 INFO exited: php (exit status 1; not expected)
2021-02-23 21:11:25,323 INFO spawned: 'php' with pid 65
2021-02-23 21:11:26,602 INFO success: php entered RUNNING state, process has stayed up for > than 1 seconds (startsecs)
2021-02-23 21:11:26,605 INFO exited: php (exit status 1; not expected)
2021-02-23 21:11:27,612 INFO spawned: 'php' with pid 66
2021-02-23 21:11:28,904 INFO success: php entered RUNNING state, process has stayed up for > than 1 seconds (startsecs)
2021-02-23 21:11:28,906 INFO exited: php (exit status 1; not expected)
2021-02-23 21:11:29,917 INFO spawned: 'php' with pid 67
2021-02-23 21:11:31,205 INFO success: php entered RUNNING state, process has stayed up for > than 1 seconds (startsecs)
2021-02-23 21:11:31,208 INFO exited: php (exit status 1; not expected)
2021-02-23 21:11:32,221 INFO spawned: 'php' with pid 68
2021-02-23 21:11:33,513 INFO success: php entered RUNNING state, process has stayed up for > than 1 seconds (startsecs)
2021-02-23 21:11:33,517 INFO exited: php (exit status 1; not expected)
2021-02-23 21:11:34,527 INFO spawned: 'php' with pid 69
2021-02-23 21:11:35,808 INFO success: php entered RUNNING state, process has stayed up for > than 1 seconds (startsecs)
2021-02-23 21:11:35,812 INFO exited: php (exit status 1; not expected)
2021-02-23 21:11:36,821 INFO spawned: 'php' with pid 70
2021-02-23 21:11:38,130 INFO success: php entered RUNNING state, process has stayed up for > than 1 seconds (startsecs)
2021-02-23 21:11:38,134 INFO exited: php (exit status 1; not expected)
2021-02-23 21:11:39,140 INFO spawned: 'php' with pid 71
2021-02-23 21:11:40,400 INFO success: php entered RUNNING state, process has stayed up for > than 1 seconds (startsecs)
2021-02-23 21:11:40,402 INFO exited: php (exit status 1; not expected)
2021-02-23 21:11:41,417 INFO spawned: 'php' with pid 85
2021-02-23 21:11:42,700 INFO success: php entered RUNNING state, process has stayed up for > than 1 seconds (startsecs)
2021-02-23 21:11:42,703 INFO exited: php (exit status 1; not expected)
2021-02-23 21:11:43,711 INFO spawned: 'php' with pid 87
2021-02-23 21:11:44,996 INFO success: php entered RUNNING state, process has stayed up for > than 1 seconds (startsecs)
2021-02-23 21:11:45,000 INFO exited: php (exit status 1; not expected)
2021-02-23 21:11:46,014 INFO spawned: 'php' with pid 88
2021-02-23 21:11:47,301 INFO success: php entered RUNNING state, process has stayed up for > than 1 seconds (startsecs)
2021-02-23 21:11:47,304 INFO exited: php (exit status 1; not expected)
2021-02-23 21:11:48,316 INFO spawned: 'php' with pid 89
2021-02-23 21:11:49,599 INFO success: php entered RUNNING state, process has stayed up for > than 1 seconds (startsecs)
2021-02-23 21:11:49,602 INFO exited: php (exit status 1; not expected)
2021-02-23 21:11:50,610 INFO spawned: 'php' with pid 90
2021-02-23 21:11:51,898 INFO success: php entered RUNNING state, process has stayed up for > than 1 seconds (startsecs)
2021-02-23 21:11:51,901 INFO exited: php (exit status 1; not expected)
2021-02-23 21:11:52,911 INFO spawned: 'php' with pid 91
2021-02-23 21:11:54,193 INFO success: php entered RUNNING state, process has stayed up for > than 1 seconds (startsecs)
2021-02-23 21:11:54,196 INFO exited: php (exit status 1; not expected)
2021-02-23 21:11:55,206 INFO spawned: 'php' with pid 92
2021-02-23 21:11:56,491 INFO success: php entered RUNNING state, process has stayed up for > than 1 seconds (startsecs)
2021-02-23 21:11:56,493 INFO exited: php (exit status 1; not expected)
2021-02-23 21:11:57,505 INFO spawned: 'php' with pid 93
2021-02-23 21:11:58,798 INFO success: php entered RUNNING state, process has stayed up for > than 1 seconds (startsecs)
2021-02-23 21:11:58,801 INFO exited: php (exit status 1; not expected)
2021-02-23 21:11:59,812 INFO spawned: 'php' with pid 94
2021-02-23 21:12:01,103 INFO success: php entered RUNNING state, process has stayed up for > than 1 seconds (startsecs)
2021-02-23 21:12:01,106 INFO exited: php (exit status 1; not expected)
2021-02-23 21:12:02,117 INFO spawned: 'php' with pid 95
2021-02-23 21:12:03,418 INFO success: php entered RUNNING state, process has stayed up for > than 1 seconds (startsecs)
2021-02-23 21:12:03,420 INFO exited: php (exit status 1; not expected)
2021-02-23 21:12:04,426 INFO spawned: 'php' with pid 96
2021-02-23 21:12:05,713 INFO success: php entered RUNNING state, process has stayed up for > than 1 seconds (startsecs)
2021-02-23 21:12:05,715 INFO exited: php (exit status 1; not expected)
2021-02-23 21:12:06,726 INFO spawned: 'php' with pid 97
2021-02-23 21:12:08,038 INFO success: php entered RUNNING state, process has stayed up for > than 1 seconds (startsecs)
2021-02-23 21:12:08,041 INFO exited: php (exit status 1; not expected)
2021-02-23 21:12:09,056 INFO spawned: 'php' with pid 98
2021-02-23 21:12:10,342 INFO success: php entered RUNNING state, process has stayed up for > than 1 seconds (startsecs)
2021-02-23 21:12:10,345 INFO exited: php (exit status 1; not expected)
2021-02-23 21:12:11,353 INFO spawned: 'php' with pid 99
2021-02-23 21:12:12,641 INFO success: php entered RUNNING state, process has stayed up for > than 1 seconds (startsecs)
2021-02-23 21:12:12,644 INFO exited: php (exit status 1; not expected)
2021-02-23 21:12:13,656 INFO spawned: 'php' with pid 100
2021-02-23 21:12:14,949 INFO success: php entered RUNNING state, process has stayed up for > than 1 seconds (startsecs)
2021-02-23 21:12:14,953 INFO exited: php (exit status 1; not expected)
2021-02-23 21:12:15,977 INFO spawned: 'php' with pid 101
2021-02-23 21:12:17,257 INFO success: php entered RUNNING state, process has stayed up for > than 1 seconds (startsecs)
2021-02-23 21:12:17,261 INFO exited: php (exit status 1; not expected)
2021-02-23 21:12:18,273 INFO spawned: 'php' with pid 102
2021-02-23 21:12:19,571 INFO success: php entered RUNNING state, process has stayed up for > than 1 seconds (startsecs)
2021-02-23 21:12:19,573 INFO exited: php (exit status 1; not expected)
2021-02-23 21:12:20,582 INFO spawned: 'php' with pid 103
2021-02-23 21:12:21,876 INFO success: php entered RUNNING state, process has stayed up for > than 1 seconds (startsecs)
2021-02-23 21:12:21,879 INFO exited: php (exit status 1; not expected)
2021-02-23 21:12:22,886 INFO spawned: 'php' with pid 104
2021-02-23 21:12:24,167 INFO success: php entered RUNNING state, process has stayed up for > than 1 seconds (startsecs)
2021-02-23 21:12:24,170 INFO exited: php (exit status 1; not expected)
2021-02-23 21:12:25,182 INFO spawned: 'php' with pid 105
2021-02-23 21:12:26,468 INFO success: php entered RUNNING state, process has stayed up for > than 1 seconds (startsecs)
2021-02-23 21:12:26,471 INFO exited: php (exit status 1; not expected)
2021-02-23 21:12:27,502 INFO spawned: 'php' with pid 106
2021-02-23 21:12:28,787 INFO success: php entered RUNNING state, process has stayed up for > than 1 seconds (startsecs)
2021-02-23 21:12:28,790 INFO exited: php (exit status 1; not expected)
2021-02-23 21:12:29,801 INFO spawned: 'php' with pid 107
2021-02-23 21:12:31,073 INFO success: php entered RUNNING state, process has stayed up for > than 1 seconds (startsecs)
2021-02-23 21:12:31,075 INFO exited: php (exit status 1; not expected)
2021-02-23 21:12:32,084 INFO spawned: 'php' with pid 108
2021-02-23 21:12:33,402 INFO success: php entered RUNNING state, process has stayed up for > than 1 seconds (startsecs)
2021-02-23 21:12:33,421 INFO exited: php (exit status 1; not expected)
2021-02-23 21:12:34,432 INFO spawned: 'php' with pid 109
2021-02-23 21:12:35,721 INFO success: php entered RUNNING state, process has stayed up for > than 1 seconds (startsecs)
2021-02-23 21:12:35,724 INFO exited: php (exit status 1; not expected)
2021-02-23 21:12:36,737 INFO spawned: 'php' with pid 110
2021-02-23 21:12:38,029 INFO success: php entered RUNNING state, process has stayed up for > than 1 seconds (startsecs)
2021-02-23 21:12:38,033 INFO exited: php (exit status 1; not expected)
2021-02-23 21:12:39,041 INFO spawned: 'php' with pid 111
2021-02-23 21:12:40,320 INFO success: php entered RUNNING state, process has stayed up for > than 1 seconds (startsecs)
2021-02-23 21:12:40,324 INFO exited: php (exit status 1; not expected)
2021-02-23 21:12:41,337 INFO spawned: 'php' with pid 112
2021-02-23 21:12:42,626 INFO success: php entered RUNNING state, process has stayed up for > than 1 seconds (startsecs)
2021-02-23 21:12:42,628 INFO exited: php (exit status 1; not expected)
2021-02-23 21:12:43,635 INFO spawned: 'php' with pid 113
2021-02-23 21:12:44,923 INFO success: php entered RUNNING state, process has stayed up for > than 1 seconds (startsecs)
2021-02-23 21:12:44,924 INFO exited: php (exit status 1; not expected)
2021-02-23 21:12:45,931 INFO spawned: 'php' with pid 114
2021-02-23 21:12:47,231 INFO success: php entered RUNNING state, process has stayed up for > than 1 seconds (startsecs)
2021-02-23 21:12:47,235 INFO exited: php (exit status 1; not expected)
2021-02-23 21:12:48,243 INFO spawned: 'php' with pid 115
2021-02-23 21:12:49,560 INFO success: php entered RUNNING state, process has stayed up for > than 1 seconds (startsecs)
2021-02-23 21:12:49,562 INFO exited: php (exit status 1; not expected)
2021-02-23 21:12:50,571 INFO spawned: 'php' with pid 116
2021-02-23 21:12:51,862 INFO success: php entered RUNNING state, process has stayed up for > than 1 seconds (startsecs)
2021-02-23 21:12:51,865 INFO exited: php (exit status 1; not expected)
2021-02-23 21:12:52,870 INFO spawned: 'php' with pid 117
2021-02-23 21:12:54,156 INFO success: php entered RUNNING state, process has stayed up for > than 1 seconds (startsecs)
2021-02-23 21:12:54,160 INFO exited: php (exit status 1; not expected)
2021-02-23 21:12:55,169 INFO spawned: 'php' with pid 118
2021-02-23 21:12:56,408 INFO success: php entered RUNNING state, process has stayed up for > than 1 seconds (startsecs)
2021-02-23 21:12:56,411 INFO exited: php (exit status 1; not expected)
2021-02-23 21:12:57,420 INFO spawned: 'php' with pid 119
2021-02-23 21:12:58,700 INFO success: php entered RUNNING state, process has stayed up for > than 1 seconds (startsecs)
2021-02-23 21:12:58,703 INFO exited: php (exit status 1; not expected)
2021-02-23 21:12:59,719 INFO spawned: 'php' with pid 120
2021-02-23 21:13:01,004 INFO success: php entered RUNNING state, process has stayed up for > than 1 seconds (startsecs)
2021-02-23 21:13:01,006 INFO exited: php (exit status 1; not expected)
2021-02-23 21:13:02,018 INFO spawned: 'php' with pid 121
2021-02-23 21:13:03,316 INFO success: php entered RUNNING state, process has stayed up for > than 1 seconds (startsecs)
2021-02-23 21:13:03,319 INFO exited: php (exit status 1; not expected)
2021-02-23 21:13:04,326 INFO spawned: 'php' with pid 122
2021-02-23 21:13:05,612 INFO success: php entered RUNNING state, process has stayed up for > than 1 seconds (startsecs)
2021-02-23 21:13:05,615 INFO exited: php (exit status 1; not expected)
2021-02-23 21:13:06,625 INFO spawned: 'php' with pid 123
2021-02-23 21:13:07,907 INFO success: php entered RUNNING state, process has stayed up for > than 1 seconds (startsecs)
2021-02-23 21:13:07,909 INFO exited: php (exit status 1; not expected)
2021-02-23 21:13:08,920 INFO spawned: 'php' with pid 124
2021-02-23 21:13:10,212 INFO success: php entered RUNNING state, process has stayed up for > than 1 seconds (startsecs)
2021-02-23 21:13:10,214 INFO exited: php (exit status 1; not expected)
2021-02-23 21:13:11,221 INFO spawned: 'php' with pid 125
2021-02-23 21:13:12,600 INFO success: php entered RUNNING state, process has stayed up for > than 1 seconds (startsecs)
2021-02-23 21:13:12,604 INFO exited: php (exit status 1; not expected)
2021-02-23 21:13:13,616 INFO spawned: 'php' with pid 126
2021-02-23 21:13:14,898 INFO success: php entered RUNNING state, process has stayed up for > than 1 seconds (startsecs)
2021-02-23 21:13:14,903 INFO exited: php (exit status 1; not expected)
2021-02-23 21:13:15,913 INFO spawned: 'php' with pid 127
2021-02-23 21:13:17,209 INFO success: php entered RUNNING state, process has stayed up for > than 1 seconds (startsecs)
2021-02-23 21:13:17,210 INFO exited: php (exit status 1; not expected)
2021-02-23 21:13:18,217 INFO spawned: 'php' with pid 128
2021-02-23 21:13:19,507 INFO success: php entered RUNNING state, process has stayed up for > than 1 seconds (startsecs)
2021-02-23 21:13:19,510 INFO exited: php (exit status 1; not expected)
2021-02-23 21:13:20,523 INFO spawned: 'php' with pid 129
2021-02-23 21:13:21,818 INFO success: php entered RUNNING state, process has stayed up for > than 1 seconds (startsecs)
2021-02-23 21:13:21,823 INFO exited: php (exit status 1; not expected)
2021-02-23 21:13:22,835 INFO spawned: 'php' with pid 130
2021-02-23 21:13:24,123 INFO success: php entered RUNNING state, process has stayed up for > than 1 seconds (startsecs)
2021-02-23 21:13:24,126 INFO exited: php (exit status 1; not expected)
2021-02-23 21:13:25,136 INFO spawned: 'php' with pid 131
2021-02-23 21:13:26,452 INFO success: php entered RUNNING state, process has stayed up for > than 1 seconds (startsecs)
2021-02-23 21:13:26,455 INFO exited: php (exit status 1; not expected)
2021-02-23 21:13:27,482 INFO spawned: 'php' with pid 132
2021-02-23 21:13:28,773 INFO success: php entered RUNNING state, process has stayed up for > than 1 seconds (startsecs)
2021-02-23 21:13:28,776 INFO exited: php (exit status 1; not expected)
2021-02-23 21:13:29,784 INFO spawned: 'php' with pid 133
2021-02-23 21:13:31,079 INFO success: php entered RUNNING state, process has stayed up for > than 1 seconds (startsecs)
2021-02-23 21:13:31,083 INFO exited: php (exit status 1; not expected)
2021-02-23 21:13:32,093 INFO spawned: 'php' with pid 134
2021-02-23 21:13:33,387 INFO success: php entered RUNNING state, process has stayed up for > than 1 seconds (startsecs)
2021-02-23 21:13:33,389 INFO exited: php (exit status 1; not expected)
2021-02-23 21:13:34,397 INFO spawned: 'php' with pid 135
2021-02-23 21:13:35,678 INFO success: php entered RUNNING state, process has stayed up for > than 1 seconds (startsecs)
2021-02-23 21:13:35,680 INFO exited: php (exit status 1; not expected)
2021-02-23 21:13:36,686 INFO spawned: 'php' with pid 136
2021-02-23 21:13:37,963 INFO success: php entered RUNNING state, process has stayed up for > than 1 seconds (startsecs)
2021-02-23 21:13:37,967 INFO exited: php (exit status 1; not expected)
2021-02-23 21:13:38,978 INFO spawned: 'php' with pid 137
2021-02-23 21:13:40,262 INFO success: php entered RUNNING state, process has stayed up for > than 1 seconds (startsecs)
2021-02-23 21:13:40,266 INFO exited: php (exit status 1; not expected)
2021-02-23 21:13:41,297 INFO spawned: 'php' with pid 138
2021-02-23 21:13:42,591 INFO success: php entered RUNNING state, process has stayed up for > than 1 seconds (startsecs)
2021-02-23 21:13:42,594 INFO exited: php (exit status 1; not expected)
2021-02-23 21:13:43,601 INFO spawned: 'php' with pid 139
2021-02-23 21:13:44,887 INFO success: php entered RUNNING state, process has stayed up for > than 1 seconds (startsecs)
2021-02-23 21:13:44,889 INFO exited: php (exit status 1; not expected)
2021-02-23 21:13:45,900 INFO spawned: 'php' with pid 140
2021-02-23 21:13:47,181 INFO success: php entered RUNNING state, process has stayed up for > than 1 seconds (startsecs)
2021-02-23 21:13:47,185 INFO exited: php (exit status 1; not expected)
2021-02-23 21:13:48,192 INFO spawned: 'php' with pid 141
2021-02-23 21:13:49,477 INFO success: php entered RUNNING state, process has stayed up for > than 1 seconds (startsecs)
2021-02-23 21:13:49,480 INFO exited: php (exit status 1; not expected)
2021-02-23 21:13:50,491 INFO spawned: 'php' with pid 142
2021-02-23 21:13:51,783 INFO success: php entered RUNNING state, process has stayed up for > than 1 seconds (startsecs)
2021-02-23 21:13:51,785 INFO exited: php (exit status 1; not expected)
2021-02-23 21:13:52,791 INFO spawned: 'php' with pid 143
2021-02-23 21:13:54,136 INFO success: php entered RUNNING state, process has stayed up for > than 1 seconds (startsecs)
2021-02-23 21:13:54,138 INFO exited: php (exit status 1; not expected)
2021-02-23 21:13:55,149 INFO spawned: 'php' with pid 144
2021-02-23 21:13:56,442 INFO success: php entered RUNNING state, process has stayed up for > than 1 seconds (startsecs)
2021-02-23 21:13:56,445 INFO exited: php (exit status 1; not expected)
2021-02-23 21:13:57,446 INFO spawned: 'php' with pid 145
2021-02-23 21:13:58,729 INFO success: php entered RUNNING state, process has stayed up for > than 1 seconds (startsecs)
2021-02-23 21:13:58,731 INFO exited: php (exit status 1; not expected)
2021-02-23 21:13:59,742 INFO spawned: 'php' with pid 146
2021-02-23 21:14:01,031 INFO success: php entered RUNNING state, process has stayed up for > than 1 seconds (startsecs)
2021-02-23 21:14:01,034 INFO exited: php (exit status 1; not expected)
2021-02-23 21:14:02,047 INFO spawned: 'php' with pid 147
2021-02-23 21:14:03,331 INFO success: php entered RUNNING state, process has stayed up for > than 1 seconds (startsecs)
2021-02-23 21:14:03,336 INFO exited: php (exit status 1; not expected)
2021-02-23 21:14:04,358 INFO spawned: 'php' with pid 148
2021-02-23 21:14:05,605 INFO success: php entered RUNNING state, process has stayed up for > than 1 seconds (startsecs)
2021-02-23 21:14:05,608 INFO exited: php (exit status 1; not expected)
2021-02-23 21:14:06,617 INFO spawned: 'php' with pid 149
2021-02-23 21:14:07,898 INFO success: php entered RUNNING state, process has stayed up for > than 1 seconds (startsecs)
2021-02-23 21:14:07,902 INFO exited: php (exit status 1; not expected)
2021-02-23 21:14:08,915 INFO spawned: 'php' with pid 150
2021-02-23 21:14:10,201 INFO success: php entered RUNNING state, process has stayed up for > than 1 seconds (startsecs)
2021-02-23 21:14:10,205 INFO exited: php (exit status 1; not expected)
2021-02-23 21:14:11,230 INFO spawned: 'php' with pid 151
2021-02-23 21:14:12,510 INFO success: php entered RUNNING state, process has stayed up for > than 1 seconds (startsecs)
2021-02-23 21:14:12,515 INFO exited: php (exit status 1; not expected)
2021-02-23 21:14:13,528 INFO spawned: 'php' with pid 152
2021-02-23 21:14:14,812 INFO success: php entered RUNNING state, process has stayed up for > than 1 seconds (startsecs)
2021-02-23 21:14:14,816 INFO exited: php (exit status 1; not expected)
2021-02-23 21:14:15,828 INFO spawned: 'php' with pid 153
2021-02-23 21:14:17,113 INFO success: php entered RUNNING state, process has stayed up for > than 1 seconds (startsecs)
2021-02-23 21:14:17,117 INFO exited: php (exit status 1; not expected)
2021-02-23 21:14:18,126 INFO spawned: 'php' with pid 154
2021-02-23 21:14:19,411 INFO success: php entered RUNNING state, process has stayed up for > than 1 seconds (startsecs)
2021-02-23 21:14:19,415 INFO exited: php (exit status 1; not expected)
2021-02-23 21:14:20,428 INFO spawned: 'php' with pid 155
2021-02-23 21:14:21,714 INFO success: php entered RUNNING state, process has stayed up for > than 1 seconds (startsecs)
2021-02-23 21:14:21,717 INFO exited: php (exit status 1; not expected)
2021-02-23 21:14:22,728 INFO spawned: 'php' with pid 156
2021-02-23 21:14:24,013 INFO success: php entered RUNNING state, process has stayed up for > than 1 seconds (startsecs)
2021-02-23 21:14:24,017 INFO exited: php (exit status 1; not expected)
2021-02-23 21:14:25,029 INFO spawned: 'php' with pid 157
2021-02-23 21:14:26,312 INFO success: php entered RUNNING state, process has stayed up for > than 1 seconds (startsecs)
2021-02-23 21:14:26,315 INFO exited: php (exit status 1; not expected)
2021-02-23 21:14:27,351 INFO spawned: 'php' with pid 158
2021-02-23 21:14:28,634 INFO success: php entered RUNNING state, process has stayed up for > than 1 seconds (startsecs)
2021-02-23 21:14:28,637 INFO exited: php (exit status 1; not expected)
2021-02-23 21:14:29,649 INFO spawned: 'php' with pid 159
2021-02-23 21:14:30,934 INFO success: php entered RUNNING state, process has stayed up for > than 1 seconds (startsecs)
2021-02-23 21:14:30,937 INFO exited: php (exit status 1; not expected)
2021-02-23 21:14:31,948 INFO spawned: 'php' with pid 160
2021-02-23 21:14:33,237 INFO success: php entered RUNNING state, process has stayed up for > than 1 seconds (startsecs)
2021-02-23 21:14:33,241 INFO exited: php (exit status 1; not expected)
2021-02-23 21:14:34,250 INFO spawned: 'php' with pid 161
2021-02-23 21:14:35,544 INFO success: php entered RUNNING state, process has stayed up for > than 1 seconds (startsecs)
2021-02-23 21:14:35,547 INFO exited: php (exit status 1; not expected)
2021-02-23 21:14:36,559 INFO spawned: 'php' with pid 162
2021-02-23 21:14:37,840 INFO success: php entered RUNNING state, process has stayed up for > than 1 seconds (startsecs)
2021-02-23 21:14:37,845 INFO exited: php (exit status 1; not expected)
2021-02-23 21:14:38,858 INFO spawned: 'php' with pid 163
2021-02-23 21:14:40,146 INFO success: php entered RUNNING state, process has stayed up for > than 1 seconds (startsecs)
2021-02-23 21:14:40,149 INFO exited: php (exit status 1; not expected)
2021-02-23 21:14:41,161 INFO spawned: 'php' with pid 164
2021-02-23 21:14:42,491 INFO success: php entered RUNNING state, process has stayed up for > than 1 seconds (startsecs)
2021-02-23 21:14:42,494 INFO exited: php (exit status 1; not expected)
2021-02-23 21:14:43,507 INFO spawned: 'php' with pid 165
2021-02-23 21:14:44,796 INFO success: php entered RUNNING state, process has stayed up for > than 1 seconds (startsecs)
2021-02-23 21:14:44,800 INFO exited: php (exit status 1; not expected)
2021-02-23 21:14:45,810 INFO spawned: 'php' with pid 166
2021-02-23 21:14:47,098 INFO success: php entered RUNNING state, process has stayed up for > than 1 seconds (startsecs)
2021-02-23 21:14:47,102 INFO exited: php (exit status 1; not expected)
2021-02-23 21:14:48,111 INFO spawned: 'php' with pid 167
2021-02-23 21:14:49,400 INFO success: php entered RUNNING state, process has stayed up for > than 1 seconds (startsecs)
2021-02-23 21:14:49,404 INFO exited: php (exit status 1; not expected)
2021-02-23 21:14:50,418 INFO spawned: 'php' with pid 168
2021-02-23 21:14:51,705 INFO success: php entered RUNNING state, process has stayed up for > than 1 seconds (startsecs)
2021-02-23 21:14:51,708 INFO exited: php (exit status 1; not expected)
2021-02-23 21:14:52,717 INFO spawned: 'php' with pid 169
2021-02-23 21:14:54,008 INFO success: php entered RUNNING state, process has stayed up for > than 1 seconds (startsecs)
2021-02-23 21:14:54,011 INFO exited: php (exit status 1; not expected)
2021-02-23 21:14:55,024 INFO spawned: 'php' with pid 170
2021-02-23 21:14:56,305 INFO success: php entered RUNNING state, process has stayed up for > than 1 seconds (startsecs)
2021-02-23 21:14:56,308 INFO exited: php (exit status 1; not expected)
2021-02-23 21:14:57,318 INFO spawned: 'php' with pid 171
2021-02-23 21:14:58,619 INFO success: php entered RUNNING state, process has stayed up for > than 1 seconds (startsecs)
2021-02-23 21:14:58,623 INFO exited: php (exit status 1; not expected)
2021-02-23 21:14:59,635 INFO spawned: 'php' with pid 172
2021-02-23 21:15:00,914 INFO success: php entered RUNNING state, process has stayed up for > than 1 seconds (startsecs)
2021-02-23 21:15:00,918 INFO exited: php (exit status 1; not expected)
2021-02-23 21:15:01,930 INFO spawned: 'php' with pid 173
2021-02-23 21:15:03,209 INFO success: php entered RUNNING state, process has stayed up for > than 1 seconds (startsecs)
2021-02-23 21:15:03,213 INFO exited: php (exit status 1; not expected)
2021-02-23 21:15:04,240 INFO spawned: 'php' with pid 174
2021-02-23 21:15:05,528 INFO success: php entered RUNNING state, process has stayed up for > than 1 seconds (startsecs)
2021-02-23 21:15:05,531 INFO exited: php (exit status 1; not expected)
2021-02-23 21:15:06,544 INFO spawned: 'php' with pid 175
2021-02-23 21:15:07,831 INFO success: php entered RUNNING state, process has stayed up for > than 1 seconds (startsecs)
2021-02-23 21:15:07,834 INFO exited: php (exit status 1; not expected)
2021-02-23 21:15:08,847 INFO spawned: 'php' with pid 176
2021-02-23 21:15:10,124 INFO success: php entered RUNNING state, process has stayed up for > than 1 seconds (startsecs)
2021-02-23 21:15:10,126 INFO exited: php (exit status 1; not expected)
2021-02-23 21:15:11,152 INFO spawned: 'php' with pid 177
2021-02-23 21:15:12,466 INFO success: php entered RUNNING state, process has stayed up for > than 1 seconds (startsecs)
2021-02-23 21:15:12,470 INFO exited: php (exit status 1; not expected)
2021-02-23 21:15:13,477 INFO spawned: 'php' with pid 178
2021-02-23 21:15:14,766 INFO success: php entered RUNNING state, process has stayed up for > than 1 seconds (startsecs)
2021-02-23 21:15:14,769 INFO exited: php (exit status 1; not expected)
2021-02-23 21:15:15,780 INFO spawned: 'php' with pid 179
2021-02-23 21:15:17,068 INFO success: php entered RUNNING state, process has stayed up for > than 1 seconds (startsecs)
2021-02-23 21:15:17,071 INFO exited: php (exit status 1; not expected)
2021-02-23 21:15:18,083 INFO spawned: 'php' with pid 180
2021-02-23 21:15:19,375 INFO success: php entered RUNNING state, process has stayed up for > than 1 seconds (startsecs)
2021-02-23 21:15:19,378 INFO exited: php (exit status 1; not expected)
2021-02-23 21:15:20,391 INFO spawned: 'php' with pid 181
2021-02-23 21:15:21,678 INFO success: php entered RUNNING state, process has stayed up for > than 1 seconds (startsecs)
2021-02-23 21:15:21,682 INFO exited: php (exit status 1; not expected)
2021-02-23 21:15:22,692 INFO spawned: 'php' with pid 182
2021-02-23 21:15:23,977 INFO success: php entered RUNNING state, process has stayed up for > than 1 seconds (startsecs)
2021-02-23 21:15:23,979 INFO exited: php (exit status 1; not expected)
2021-02-23 21:15:24,988 INFO spawned: 'php' with pid 183
2021-02-23 21:15:26,270 INFO success: php entered RUNNING state, process has stayed up for > than 1 seconds (startsecs)
2021-02-23 21:15:26,274 INFO exited: php (exit status 1; not expected)
2021-02-23 21:15:27,282 INFO spawned: 'php' with pid 184
2021-02-23 21:15:28,564 INFO success: php entered RUNNING state, process has stayed up for > than 1 seconds (startsecs)
2021-02-23 21:15:28,568 INFO exited: php (exit status 1; not expected)
2021-02-23 21:15:29,581 INFO spawned: 'php' with pid 185
2021-02-23 21:15:30,864 INFO success: php entered RUNNING state, process has stayed up for > than 1 seconds (startsecs)
2021-02-23 21:15:30,868 INFO exited: php (exit status 1; not expected)
2021-02-23 21:15:31,875 INFO spawned: 'php' with pid 186
2021-02-23 21:15:33,159 INFO success: php entered RUNNING state, process has stayed up for > than 1 seconds (startsecs)
2021-02-23 21:15:33,166 INFO exited: php (exit status 1; not expected)
2021-02-23 21:15:34,187 INFO spawned: 'php' with pid 187
2021-02-23 21:15:35,460 INFO success: php entered RUNNING state, process has stayed up for > than 1 seconds (startsecs)
2021-02-23 21:15:35,463 INFO exited: php (exit status 1; not expected)
2021-02-23 21:15:36,475 INFO spawned: 'php' with pid 188
2021-02-23 21:15:37,759 INFO success: php entered RUNNING state, process has stayed up for > than 1 seconds (startsecs)
2021-02-23 21:15:37,763 INFO exited: php (exit status 1; not expected)
2021-02-23 21:15:38,775 INFO spawned: 'php' with pid 189
2021-02-23 21:15:40,063 INFO success: php entered RUNNING state, process has stayed up for > than 1 seconds (startsecs)
2021-02-23 21:15:40,067 INFO exited: php (exit status 1; not expected)
2021-02-23 21:15:41,094 INFO spawned: 'php' with pid 190
2021-02-23 21:15:42,379 INFO success: php entered RUNNING state, process has stayed up for > than 1 seconds (startsecs)
2021-02-23 21:15:42,382 INFO exited: php (exit status 1; not expected)
2021-02-23 21:15:43,395 INFO spawned: 'php' with pid 191
2021-02-23 21:15:44,689 INFO success: php entered RUNNING state, process has stayed up for > than 1 seconds (startsecs)
2021-02-23 21:15:44,692 INFO exited: php (exit status 1; not expected)
2021-02-23 21:15:45,700 INFO spawned: 'php' with pid 192
2021-02-23 21:15:46,987 INFO success: php entered RUNNING state, process has stayed up for > than 1 seconds (startsecs)
2021-02-23 21:15:46,991 INFO exited: php (exit status 1; not expected)
2021-02-23 21:15:48,003 INFO spawned: 'php' with pid 193
2021-02-23 21:15:49,290 INFO success: php entered RUNNING state, process has stayed up for > than 1 seconds (startsecs)
2021-02-23 21:15:49,295 INFO exited: php (exit status 1; not expected)
2021-02-23 21:15:50,307 INFO spawned: 'php' with pid 194
2021-02-23 21:15:51,594 INFO success: php entered RUNNING state, process has stayed up for > than 1 seconds (startsecs)
2021-02-23 21:15:51,598 INFO exited: php (exit status 1; not expected)
2021-02-23 21:15:52,611 INFO spawned: 'php' with pid 195
2021-02-23 21:15:53,902 INFO success: php entered RUNNING state, process has stayed up for > than 1 seconds (startsecs)
2021-02-23 21:15:53,906 INFO exited: php (exit status 1; not expected)
2021-02-23 21:15:54,920 INFO spawned: 'php' with pid 196
2021-02-23 21:15:56,202 INFO success: php entered RUNNING state, process has stayed up for > than 1 seconds (startsecs)
2021-02-23 21:15:56,207 INFO exited: php (exit status 1; not expected)
2021-02-23 21:15:57,212 INFO spawned: 'php' with pid 197
2021-02-23 21:15:58,494 INFO success: php entered RUNNING state, process has stayed up for > than 1 seconds (startsecs)
2021-02-23 21:15:58,497 INFO exited: php (exit status 1; not expected)
2021-02-23 21:15:59,510 INFO spawned: 'php' with pid 198
2021-02-23 21:16:00,792 INFO success: php entered RUNNING state, process has stayed up for > than 1 seconds (startsecs)
2021-02-23 21:16:00,795 INFO exited: php (exit status 1; not expected)
2021-02-23 21:16:01,806 INFO spawned: 'php' with pid 199
2021-02-23 21:16:03,092 INFO success: php entered RUNNING state, process has stayed up for > than 1 seconds (startsecs)
2021-02-23 21:16:03,095 INFO exited: php (exit status 1; not expected)
2021-02-23 21:16:04,122 INFO spawned: 'php' with pid 200
2021-02-23 21:16:05,414 INFO success: php entered RUNNING state, process has stayed up for > than 1 seconds (startsecs)
2021-02-23 21:16:05,416 INFO exited: php (exit status 1; not expected)
2021-02-23 21:16:06,423 INFO spawned: 'php' with pid 201
2021-02-23 21:16:07,703 INFO success: php entered RUNNING state, process has stayed up for > than 1 seconds (startsecs)
2021-02-23 21:16:07,705 INFO exited: php (exit status 1; not expected)
2021-02-23 21:16:08,709 INFO spawned: 'php' with pid 202
2021-02-23 21:16:09,990 INFO success: php entered RUNNING state, process has stayed up for > than 1 seconds (startsecs)
2021-02-23 21:16:09,995 INFO exited: php (exit status 1; not expected)
2021-02-23 21:16:11,024 INFO spawned: 'php' with pid 203
2021-02-23 21:16:12,307 INFO success: php entered RUNNING state, process has stayed up for > than 1 seconds (startsecs)
2021-02-23 21:16:12,311 INFO exited: php (exit status 1; not expected)
2021-02-23 21:16:13,322 INFO spawned: 'php' with pid 204
2021-02-23 21:16:14,605 INFO success: php entered RUNNING state, process has stayed up for > than 1 seconds (startsecs)
2021-02-23 21:16:14,609 INFO exited: php (exit status 1; not expected)
2021-02-23 21:16:15,615 INFO spawned: 'php' with pid 205
2021-02-23 21:16:16,904 INFO success: php entered RUNNING state, process has stayed up for > than 1 seconds (startsecs)
2021-02-23 21:16:16,907 INFO exited: php (exit status 1; not expected)
2021-02-23 21:16:17,918 INFO spawned: 'php' with pid 206
2021-02-23 21:16:19,207 INFO success: php entered RUNNING state, process has stayed up for > than 1 seconds (startsecs)
2021-02-23 21:16:19,209 INFO exited: php (exit status 1; not expected)
2021-02-23 21:16:20,218 INFO spawned: 'php' with pid 207
2021-02-23 21:16:21,507 INFO success: php entered RUNNING state, process has stayed up for > than 1 seconds (startsecs)
2021-02-23 21:16:21,510 INFO exited: php (exit status 1; not expected)
2021-02-23 21:16:22,540 INFO spawned: 'php' with pid 208
2021-02-23 21:16:23,884 INFO success: php entered RUNNING state, process has stayed up for > than 1 seconds (startsecs)
2021-02-23 21:16:23,887 INFO exited: php (exit status 1; not expected)
2021-02-23 21:16:24,897 INFO spawned: 'php' with pid 209
2021-02-23 21:16:26,184 INFO success: php entered RUNNING state, process has stayed up for > than 1 seconds (startsecs)
2021-02-23 21:16:26,187 INFO exited: php (exit status 1; not expected)
2021-02-23 21:16:27,197 INFO spawned: 'php' with pid 210
2021-02-23 21:16:28,494 INFO success: php entered RUNNING state, process has stayed up for > than 1 seconds (startsecs)
2021-02-23 21:16:28,497 INFO exited: php (exit status 1; not expected)
2021-02-23 21:16:29,510 INFO spawned: 'php' with pid 211
2021-02-23 21:16:30,794 INFO success: php entered RUNNING state, process has stayed up for > than 1 seconds (startsecs)
2021-02-23 21:16:30,797 INFO exited: php (exit status 1; not expected)
2021-02-23 21:16:31,805 INFO spawned: 'php' with pid 212
2021-02-23 21:16:33,089 INFO success: php entered RUNNING state, process has stayed up for > than 1 seconds (startsecs)
2021-02-23 21:16:33,093 INFO exited: php (exit status 1; not expected)
2021-02-23 21:16:34,118 INFO spawned: 'php' with pid 213
2021-02-23 21:16:35,405 INFO success: php entered RUNNING state, process has stayed up for > than 1 seconds (startsecs)
2021-02-23 21:16:35,408 INFO exited: php (exit status 1; not expected)
2021-02-23 21:16:36,418 INFO spawned: 'php' with pid 214
2021-02-23 21:16:37,699 INFO success: php entered RUNNING state, process has stayed up for > than 1 seconds (startsecs)
2021-02-23 21:16:37,701 INFO exited: php (exit status 1; not expected)
2021-02-23 21:16:38,714 INFO spawned: 'php' with pid 215
2021-02-23 21:16:40,000 INFO success: php entered RUNNING state, process has stayed up for > than 1 seconds (startsecs)
2021-02-23 21:16:40,003 INFO exited: php (exit status 1; not expected)
2021-02-23 21:16:41,011 INFO spawned: 'php' with pid 216
2021-02-23 21:16:42,315 INFO success: php entered RUNNING state, process has stayed up for > than 1 seconds (startsecs)
2021-02-23 21:16:42,318 INFO exited: php (exit status 1; not expected)
2021-02-23 21:16:43,329 INFO spawned: 'php' with pid 217
2021-02-23 21:16:44,619 INFO success: php entered RUNNING state, process has stayed up for > than 1 seconds (startsecs)
2021-02-23 21:16:44,622 INFO exited: php (exit status 1; not expected)
2021-02-23 21:16:45,630 INFO spawned: 'php' with pid 218
2021-02-23 21:16:46,921 INFO success: php entered RUNNING state, process has stayed up for > than 1 seconds (startsecs)
2021-02-23 21:16:46,924 INFO exited: php (exit status 1; not expected)
2021-02-23 21:16:47,936 INFO spawned: 'php' with pid 219
2021-02-23 21:16:49,223 INFO success: php entered RUNNING state, process has stayed up for > than 1 seconds (startsecs)
2021-02-23 21:16:49,226 INFO exited: php (exit status 1; not expected)
2021-02-23 21:16:50,240 INFO spawned: 'php' with pid 220
2021-02-23 21:16:51,527 INFO success: php entered RUNNING state, process has stayed up for > than 1 seconds (startsecs)
2021-02-23 21:16:51,529 INFO exited: php (exit status 1; not expected)
2021-02-23 21:16:52,542 INFO spawned: 'php' with pid 221
2021-02-23 21:16:53,827 INFO success: php entered RUNNING state, process has stayed up for > than 1 seconds (startsecs)
2021-02-23 21:16:53,831 INFO exited: php (exit status 1; not expected)
2021-02-23 21:16:54,839 INFO spawned: 'php' with pid 222
2021-02-23 21:16:56,146 INFO success: php entered RUNNING state, process has stayed up for > than 1 seconds (startsecs)
2021-02-23 21:16:56,148 INFO exited: php (exit status 1; not expected)
2021-02-23 21:16:57,158 INFO spawned: 'php' with pid 223
2021-02-23 21:16:58,440 INFO success: php entered RUNNING state, process has stayed up for > than 1 seconds (startsecs)
2021-02-23 21:16:58,443 INFO exited: php (exit status 1; not expected)
2021-02-23 21:16:59,473 INFO spawned: 'php' with pid 224
2021-02-23 21:17:00,765 INFO success: php entered RUNNING state, process has stayed up for > than 1 seconds (startsecs)
2021-02-23 21:17:00,768 INFO exited: php (exit status 1; not expected)
2021-02-23 21:17:01,780 INFO spawned: 'php' with pid 225
2021-02-23 21:17:03,074 INFO success: php entered RUNNING state, process has stayed up for > than 1 seconds (startsecs)
2021-02-23 21:17:03,078 INFO exited: php (exit status 1; not expected)
2021-02-23 21:17:04,090 INFO spawned: 'php' with pid 226
2021-02-23 21:17:05,371 INFO success: php entered RUNNING state, process has stayed up for > than 1 seconds (startsecs)
2021-02-23 21:17:05,374 INFO exited: php (exit status 1; not expected)
2021-02-23 21:17:06,385 INFO spawned: 'php' with pid 227
2021-02-23 21:17:07,672 INFO success: php entered RUNNING state, process has stayed up for > than 1 seconds (startsecs)
2021-02-23 21:17:07,675 INFO exited: php (exit status 1; not expected)
2021-02-23 21:17:08,684 INFO spawned: 'php' with pid 228
2021-02-23 21:17:09,968 INFO success: php entered RUNNING state, process has stayed up for > than 1 seconds (startsecs)
2021-02-23 21:17:09,971 INFO exited: php (exit status 1; not expected)
2021-02-23 21:17:10,983 INFO spawned: 'php' with pid 229
2021-02-23 21:17:12,266 INFO success: php entered RUNNING state, process has stayed up for > than 1 seconds (startsecs)
2021-02-23 21:17:12,270 INFO exited: php (exit status 1; not expected)
2021-02-23 21:17:13,279 INFO spawned: 'php' with pid 230
2021-02-23 21:17:14,564 INFO success: php entered RUNNING state, process has stayed up for > than 1 seconds (startsecs)
2021-02-23 21:17:14,567 INFO exited: php (exit status 1; not expected)
2021-02-23 21:17:15,578 INFO spawned: 'php' with pid 231
2021-02-23 21:17:16,866 INFO success: php entered RUNNING state, process has stayed up for > than 1 seconds (startsecs)
2021-02-23 21:17:16,869 INFO exited: php (exit status 1; not expected)
2021-02-23 21:17:17,886 INFO spawned: 'php' with pid 232
2021-02-23 21:17:19,172 INFO success: php entered RUNNING state, process has stayed up for > than 1 seconds (startsecs)
2021-02-23 21:17:19,175 INFO exited: php (exit status 1; not expected)
2021-02-23 21:17:20,184 INFO spawned: 'php' with pid 233
2021-02-23 21:17:21,475 INFO success: php entered RUNNING state, process has stayed up for > than 1 seconds (startsecs)
2021-02-23 21:17:21,483 INFO exited: php (exit status 1; not expected)
2021-02-23 21:17:22,490 INFO spawned: 'php' with pid 234
2021-02-23 21:17:23,773 INFO success: php entered RUNNING state, process has stayed up for > than 1 seconds (startsecs)
2021-02-23 21:17:23,776 INFO exited: php (exit status 1; not expected)
2021-02-23 21:17:24,783 INFO spawned: 'php' with pid 235
2021-02-23 21:17:26,077 INFO success: php entered RUNNING state, process has stayed up for > than 1 seconds (startsecs)
2021-02-23 21:17:26,080 INFO exited: php (exit status 1; not expected)
2021-02-23 21:17:27,088 INFO spawned: 'php' with pid 236
2021-02-23 21:17:28,384 INFO success: php entered RUNNING state, process has stayed up for > than 1 seconds (startsecs)
2021-02-23 21:17:28,388 INFO exited: php (exit status 1; not expected)
2021-02-23 21:17:29,416 INFO spawned: 'php' with pid 237
2021-02-23 21:17:30,704 INFO success: php entered RUNNING state, process has stayed up for > than 1 seconds (startsecs)
2021-02-23 21:17:30,707 INFO exited: php (exit status 1; not expected)
2021-02-23 21:17:31,716 INFO spawned: 'php' with pid 238
2021-02-23 21:17:33,008 INFO success: php entered RUNNING state, process has stayed up for > than 1 seconds (startsecs)
2021-02-23 21:17:33,012 INFO exited: php (exit status 1; not expected)
2021-02-23 21:17:34,022 INFO spawned: 'php' with pid 239
2021-02-23 21:17:35,311 INFO success: php entered RUNNING state, process has stayed up for > than 1 seconds (startsecs)
2021-02-23 21:17:35,312 INFO exited: php (exit status 1; not expected)
2021-02-23 21:17:36,336 INFO spawned: 'php' with pid 240
2021-02-23 21:17:37,619 INFO success: php entered RUNNING state, process has stayed up for > than 1 seconds (startsecs)
2021-02-23 21:17:37,622 INFO exited: php (exit status 1; not expected)
2021-02-23 21:17:38,632 INFO spawned: 'php' with pid 241
2021-02-23 21:17:39,917 INFO success: php entered RUNNING state, process has stayed up for > than 1 seconds (startsecs)
2021-02-23 21:17:39,919 INFO exited: php (exit status 1; not expected)
2021-02-23 21:17:40,927 INFO spawned: 'php' with pid 242
2021-02-23 21:17:42,231 INFO success: php entered RUNNING state, process has stayed up for > than 1 seconds (startsecs)
2021-02-23 21:17:42,234 INFO exited: php (exit status 1; not expected)
2021-02-23 21:17:43,240 INFO spawned: 'php' with pid 243
2021-02-23 21:17:44,535 INFO success: php entered RUNNING state, process has stayed up for > than 1 seconds (startsecs)
2021-02-23 21:17:44,538 INFO exited: php (exit status 1; not expected)
2021-02-23 21:17:45,549 INFO spawned: 'php' with pid 244
2021-02-23 21:17:46,996 INFO success: php entered RUNNING state, process has stayed up for > than 1 seconds (startsecs)
2021-02-24 22:55:33,873 INFO Set uid to user 0 succeeded
2021-02-24 22:55:33,878 INFO supervisord started with pid 17
2021-02-24 22:55:34,888 INFO spawned: 'php' with pid 19
2021-02-24 22:55:36,315 INFO success: php entered RUNNING state, process has stayed up for > than 1 seconds (startsecs)
2021-02-25 21:00:23,970 INFO Set uid to user 0 succeeded
2021-02-25 21:00:23,975 INFO supervisord started with pid 16
2021-02-25 21:00:24,982 INFO spawned: 'php' with pid 18
2021-02-25 21:00:25,986 INFO success: php entered RUNNING state, process has stayed up for > than 1 seconds (startsecs)
2021-02-28 08:23:31,818 INFO Set uid to user 0 succeeded
2021-02-28 08:23:31,822 INFO supervisord started with pid 17
2021-02-28 08:23:32,830 INFO spawned: 'php' with pid 19
2021-02-28 08:23:33,834 INFO success: php entered RUNNING state, process has stayed up for > than 1 seconds (startsecs)
2021-03-02 22:37:29,016 INFO Set uid to user 0 succeeded
2021-03-02 22:37:29,021 INFO supervisord started with pid 16
2021-03-02 22:37:30,027 INFO spawned: 'php' with pid 18
2021-03-02 22:37:31,408 INFO success: php entered RUNNING state, process has stayed up for > than 1 seconds (startsecs)
2021-03-03 22:48:47,010 INFO Set uid to user 0 succeeded
2021-03-03 22:48:47,017 INFO supervisord started with pid 17
2021-03-03 22:48:48,023 INFO spawned: 'php' with pid 19
2021-03-03 22:48:49,028 INFO success: php entered RUNNING state, process has stayed up for > than 1 seconds (startsecs)
2021-03-03 22:50:40,888 INFO Set uid to user 0 succeeded
2021-03-03 22:50:40,895 INFO supervisord started with pid 17
2021-03-03 22:50:41,902 INFO spawned: 'php' with pid 19
2021-03-03 22:50:43,256 INFO success: php entered RUNNING state, process has stayed up for > than 1 seconds (startsecs)
2021-03-04 20:49:33,172 INFO Set uid to user 0 succeeded
2021-03-04 20:49:33,176 INFO supervisord started with pid 17
2021-03-04 20:49:34,187 INFO spawned: 'php' with pid 19
2021-03-04 20:49:35,560 INFO success: php entered RUNNING state, process has stayed up for > than 1 seconds (startsecs)
2021-03-04 20:49:57,892 INFO Set uid to user 0 succeeded
2021-03-04 20:49:57,896 INFO supervisord started with pid 16
2021-03-04 20:49:58,906 INFO spawned: 'php' with pid 18
2021-03-04 20:50:00,177 INFO success: php entered RUNNING state, process has stayed up for > than 1 seconds (startsecs)
2021-03-07 11:21:53,945 INFO Set uid to user 0 succeeded
2021-03-07 11:21:53,949 INFO supervisord started with pid 16
2021-03-07 11:21:54,959 INFO spawned: 'php' with pid 18
2021-03-07 11:21:56,427 INFO success: php entered RUNNING state, process has stayed up for > than 1 seconds (startsecs)
2021-03-08 22:33:56,332 INFO Set uid to user 0 succeeded
2021-03-08 22:33:56,336 INFO supervisord started with pid 16
2021-03-08 22:33:57,347 INFO spawned: 'php' with pid 18
2021-03-08 22:33:58,351 INFO success: php entered RUNNING state, process has stayed up for > than 1 seconds (startsecs)
2021-03-14 08:09:04,148 INFO Set uid to user 0 succeeded
2021-03-14 08:09:04,154 INFO supervisord started with pid 16
2021-03-14 08:09:05,164 INFO spawned: 'php' with pid 18
2021-03-14 08:09:06,168 INFO success: php entered RUNNING state, process has stayed up for > than 1 seconds (startsecs)
